2026-01-05 12:44:55,880 - generate_simple_webpage - INFO - Logging initialized: /Users/davemini2/ProjectsLocal/Projects/trans-summary/logs/generate_simple_webpage_20260105_124455.log
2026-01-05 12:44:55,881 - generate_simple_webpage - INFO - Loading topics-themes materials for simple webpage...
2026-01-05 12:44:55,885 - generate_simple_webpage - INFO - Highlighting transcript for simple webpage...
2026-01-05 12:44:56,538 - generate_simple_webpage - INFO - Generating simple HTML page...
2026-01-05 12:44:56,539 - generate_simple_webpage - INFO - ✓ Simple webpage generated successfully: /Users/davemini2/transcripts/projects/Fundamentals of Triangles - Dr Michael Kerr - 2022-03-18_validated/Fundamentals of Triangles - Dr Michael Kerr - 2022-03-18_validated - simple.html
2026-01-05 12:44:56,544 - generate_webpage - INFO - Logging initialized: /Users/davemini2/ProjectsLocal/Projects/trans-summary/logs/generate_webpage_20260105_124456.log
2026-01-05 12:44:56,545 - generate_webpage - INFO - Loading topics-themes materials...
2026-01-05 12:44:56,547 - generate_webpage - INFO - Found 0 Bowen references and 23 emphasis items.
2026-01-05 12:44:56,547 - generate_webpage - INFO - Highlighting transcript...
2026-01-05 12:44:57,178 - generate_webpage - INFO - Generating HTML page...
2026-01-05 12:44:57,179 - generate_webpage - INFO - ✓ Webpage generated successfully: /Users/davemini2/transcripts/projects/Fundamentals of Triangles - Dr Michael Kerr - 2022-03-18_validated/Fundamentals of Triangles - Dr Michael Kerr - 2022-03-18_validated.html
2026-01-05 12:44:57,194 - generate_pdf - INFO - Logging initialized: /Users/davemini2/ProjectsLocal/Projects/trans-summary/logs/generate_pdf_20260105_124457.log
2026-01-05 12:44:57,517 - generate_pdf - INFO - Loading topics-themes materials for PDF...
2026-01-05 12:44:57,518 - generate_pdf - INFO - Highlighting transcript for PDF...
2026-01-05 12:44:58,159 - generate_pdf - INFO - Generating HTML for PDF...
2026-01-05 12:44:58,160 - generate_pdf - INFO - Generating PDF...
2026-01-05 12:44:58,763 - generate_pdf - INFO - ✓ PDF generated successfully: /Users/davemini2/transcripts/projects/Fundamentals of Triangles - Dr Michael Kerr - 2022-03-18_validated/Fundamentals of Triangles - Dr Michael Kerr - 2022-03-18_validated.pdf
2026-01-05 13:05:56,489 - generate_simple_webpage - INFO - Logging initialized: /Users/davemini2/ProjectsLocal/Projects/trans-summary/logs/generate_simple_webpage_20260105_130556.log
2026-01-05 13:05:56,492 - generate_simple_webpage - INFO - Loading topics-themes materials for simple webpage...
2026-01-05 13:05:56,501 - generate_simple_webpage - INFO - Highlighting transcript for simple webpage...
2026-01-05 13:05:58,070 - generate_simple_webpage - INFO - Generating simple HTML page...
2026-01-05 13:05:58,073 - generate_simple_webpage - INFO - ✓ Simple webpage generated successfully: /Users/davemini2/transcripts/projects/Fundamentals of Triangles - Dr Michael Kerr - 2022-03-18_validated/Fundamentals of Triangles - Dr Michael Kerr - 2022-03-18_validated - simple.html
2026-01-05 13:05:58,136 - generate_webpage - INFO - Logging initialized: /Users/davemini2/ProjectsLocal/Projects/trans-summary/logs/generate_webpage_20260105_130558.log
2026-01-05 13:05:58,136 - generate_webpage - INFO - Loading topics-themes materials...
2026-01-05 13:05:58,139 - generate_webpage - INFO - Found 25 Bowen references and 23 emphasis items.
2026-01-05 13:05:58,139 - generate_webpage - INFO - Highlighting transcript...
2026-01-05 13:05:59,654 - generate_webpage - INFO - Generating HTML page...
2026-01-05 13:05:59,657 - generate_webpage - INFO - ✓ Webpage generated successfully: /Users/davemini2/transcripts/projects/Fundamentals of Triangles - Dr Michael Kerr - 2022-03-18_validated/Fundamentals of Triangles - Dr Michael Kerr - 2022-03-18_validated.html
2026-01-05 13:05:59,686 - generate_pdf - INFO - Logging initialized: /Users/davemini2/ProjectsLocal/Projects/trans-summary/logs/generate_pdf_20260105_130559.log
2026-01-05 13:05:59,687 - generate_pdf - INFO - Loading topics-themes materials for PDF...
2026-01-05 13:05:59,689 - generate_pdf - INFO - Highlighting transcript for PDF...
2026-01-05 13:06:01,194 - generate_pdf - INFO - Generating HTML for PDF...
2026-01-05 13:06:01,194 - generate_pdf - INFO - Generating PDF...
2026-01-05 13:06:01,789 - generate_pdf - INFO - ✓ PDF generated successfully: /Users/davemini2/transcripts/projects/Fundamentals of Triangles - Dr Michael Kerr - 2022-03-18_validated/Fundamentals of Triangles - Dr Michael Kerr - 2022-03-18_validated.pdf
