2026-01-24 13:46:10,042 - generate_simple_webpage - INFO - Logging initialized: /Users/davemini2/ProjectsLocal/Projects/trans-summary/logs/generate_simple_webpage_20260124_134610.log
2026-01-24 13:46:10,042 - generate_simple_webpage - INFO - Loading topics-themes materials...
2026-01-24 13:46:10,044 - generate_simple_webpage - INFO - Highlighting transcript...
2026-01-24 13:46:10,806 - generate_simple_webpage - INFO - Generating simple HTML page using template...
2026-01-24 13:46:10,812 - generate_simple_webpage - INFO - ✓ Simple webpage generated successfully: /Users/davemini2/transcripts/projects/Emotional Regression and Cancer - Michael Kerr - 2021-01-15/Emotional Regression and Cancer - Michael Kerr - 2021-01-15 - simple.html
2026-01-24 13:46:10,818 - generate_webpage - INFO - Logging initialized: /Users/davemini2/ProjectsLocal/Projects/trans-summary/logs/generate_webpage_20260124_134610.log
2026-01-24 13:46:10,819 - generate_webpage - INFO - Loading topics-themes materials...
2026-01-24 13:46:10,820 - generate_webpage - INFO - Found 14 Bowen references and 9 emphasis items.
2026-01-24 13:46:10,820 - generate_webpage - INFO - Highlighting transcript...
2026-01-24 13:46:11,537 - generate_webpage - INFO - Generating HTML page using template...
2026-01-24 13:46:11,540 - generate_webpage - INFO - ✓ Webpage generated successfully: /Users/davemini2/transcripts/projects/Emotional Regression and Cancer - Michael Kerr - 2021-01-15/Emotional Regression and Cancer - Michael Kerr - 2021-01-15.html
2026-01-24 13:46:11,573 - generate_pdf - INFO - Logging initialized: /Users/davemini2/ProjectsLocal/Projects/trans-summary/logs/generate_pdf_20260124_134611.log
2026-01-24 13:46:11,822 - generate_pdf - INFO - Loading topics-themes materials...
2026-01-24 13:46:11,824 - generate_pdf - INFO - Highlighting transcript...
2026-01-24 13:46:12,561 - generate_pdf - INFO - Generating HTML for PDF using template...
2026-01-24 13:46:12,564 - generate_pdf - INFO - Generating PDF...
2026-01-24 13:46:12,595 - weasyprint - WARNING - Ignored `font-family: &#39` at 11:5, invalid value.
2026-01-24 13:46:12,595 - weasyprint - WARNING - Error: Stop token reached before {} block for a qualified rule. at 11:34.
2026-01-24 13:46:12,595 - weasyprint - WARNING - Error: Stop token reached before {} block for a qualified rule. at 11:42.
2026-01-24 13:46:12,596 - weasyprint - WARNING - Ignored `font-family: &#39` at 118:5, invalid value.
2026-01-24 13:46:12,596 - weasyprint - WARNING - Error: Stop token reached before {} block for a qualified rule. at 118:34.
2026-01-24 13:46:12,596 - weasyprint - WARNING - Error: Stop token reached before {} block for a qualified rule. at 118:42.
2026-01-24 13:46:13,137 - generate_pdf - INFO - ✓ PDF generated successfully: /Users/davemini2/transcripts/projects/Emotional Regression and Cancer - Michael Kerr - 2021-01-15/Emotional Regression and Cancer - Michael Kerr - 2021-01-15.pdf
