2025-12-30 16:36:36,513 - generate_simple_webpage - INFO - Logging initialized: /Users/davemini2/ProjectsLocal/Projects/trans-summary/logs/generate_simple_webpage_20251230_163636.log
2025-12-30 16:36:36,513 - generate_simple_webpage - INFO - Loading topics-themes materials for simple webpage...
2025-12-30 16:36:36,515 - generate_simple_webpage - INFO - Highlighting transcript for simple webpage...
2025-12-30 16:36:36,654 - generate_simple_webpage - INFO - Generating simple HTML page...
2025-12-30 16:36:36,655 - generate_simple_webpage - INFO - ✓ Simple webpage generated successfully: /Users/davemini2/transcripts/webpages/This is a test - Dave Galloway - 2025-12-07 - simple.html
2025-12-30 16:36:36,658 - generate_webpage - INFO - Logging initialized: /Users/davemini2/ProjectsLocal/Projects/trans-summary/logs/generate_webpage_20251230_163636.log
2025-12-30 16:36:36,658 - generate_webpage - INFO - Loading topics-themes materials...
2025-12-30 16:36:36,659 - generate_webpage - INFO - Found 10 Bowen references and 9 emphasis items.
2025-12-30 16:36:36,659 - generate_webpage - INFO - Highlighting transcript...
2025-12-30 16:36:36,772 - generate_webpage - INFO - Generating HTML page...
2025-12-30 16:36:36,772 - generate_webpage - INFO - ✓ Webpage generated successfully: /Users/davemini2/transcripts/webpages/This is a test - Dave Galloway - 2025-12-07.html
2025-12-30 16:36:36,778 - generate_pdf - INFO - Logging initialized: /Users/davemini2/ProjectsLocal/Projects/trans-summary/logs/generate_pdf_20251230_163636.log
2025-12-30 16:36:36,982 - generate_pdf - INFO - Loading topics-themes materials for PDF...
2025-12-30 16:36:36,982 - generate_pdf - INFO - Highlighting transcript for PDF...
2025-12-30 16:36:37,095 - generate_pdf - INFO - Generating HTML for PDF...
2025-12-30 16:36:37,095 - generate_pdf - INFO - Generating PDF...
2025-12-30 16:36:37,343 - generate_pdf - INFO - ✓ PDF generated successfully: /Users/davemini2/transcripts/pdfs/This is a test - Dave Galloway - 2025-12-07.pdf
2025-12-30 16:37:25,113 - generate_simple_webpage - INFO - Logging initialized: /Users/davemini2/ProjectsLocal/Projects/trans-summary/logs/generate_simple_webpage_20251230_163725.log
2025-12-30 16:37:25,113 - generate_simple_webpage - INFO - Loading topics-themes materials for simple webpage...
2025-12-30 16:37:25,114 - generate_simple_webpage - INFO - Highlighting transcript for simple webpage...
2025-12-30 16:37:25,236 - generate_simple_webpage - INFO - Generating simple HTML page...
2025-12-30 16:37:25,236 - generate_simple_webpage - INFO - ✓ Simple webpage generated successfully: /Users/davemini2/transcripts/webpages/This is a test - Dave Galloway - 2025-12-07 - simple.html
2025-12-30 16:37:25,240 - generate_webpage - INFO - Logging initialized: /Users/davemini2/ProjectsLocal/Projects/trans-summary/logs/generate_webpage_20251230_163725.log
2025-12-30 16:37:25,240 - generate_webpage - INFO - Loading topics-themes materials...
2025-12-30 16:37:25,241 - generate_webpage - INFO - Found 10 Bowen references and 9 emphasis items.
2025-12-30 16:37:25,241 - generate_webpage - INFO - Highlighting transcript...
2025-12-30 16:37:25,372 - generate_webpage - INFO - Generating HTML page...
2025-12-30 16:37:25,372 - generate_webpage - INFO - ✓ Webpage generated successfully: /Users/davemini2/transcripts/webpages/This is a test - Dave Galloway - 2025-12-07.html
2025-12-30 16:37:25,395 - generate_pdf - INFO - Logging initialized: /Users/davemini2/ProjectsLocal/Projects/trans-summary/logs/generate_pdf_20251230_163725.log
2025-12-30 16:37:25,395 - generate_pdf - INFO - Loading topics-themes materials for PDF...
2025-12-30 16:37:25,395 - generate_pdf - INFO - Highlighting transcript for PDF...
2025-12-30 16:37:25,508 - generate_pdf - INFO - Generating HTML for PDF...
2025-12-30 16:37:25,508 - generate_pdf - INFO - Generating PDF...
2025-12-30 16:37:25,703 - generate_pdf - INFO - ✓ PDF generated successfully: /Users/davemini2/transcripts/pdfs/This is a test - Dave Galloway - 2025-12-07.pdf
2025-12-30 16:37:27,545 - generate_simple_webpage - INFO - Logging initialized: /Users/davemini2/ProjectsLocal/Projects/trans-summary/logs/generate_simple_webpage_20251230_163727.log
2025-12-30 16:37:27,546 - generate_simple_webpage - INFO - Loading topics-themes materials for simple webpage...
2025-12-30 16:37:27,546 - generate_simple_webpage - INFO - Highlighting transcript for simple webpage...
2025-12-30 16:37:27,686 - generate_simple_webpage - INFO - Generating simple HTML page...
2025-12-30 16:37:27,687 - generate_simple_webpage - INFO - ✓ Simple webpage generated successfully: /Users/davemini2/transcripts/webpages/This is a test - Dave Galloway - 2025-12-07 - simple.html
2025-12-30 16:37:27,694 - generate_webpage - INFO - Logging initialized: /Users/davemini2/ProjectsLocal/Projects/trans-summary/logs/generate_webpage_20251230_163727.log
2025-12-30 16:37:27,695 - generate_webpage - INFO - Loading topics-themes materials...
2025-12-30 16:37:27,695 - generate_webpage - INFO - Found 10 Bowen references and 9 emphasis items.
2025-12-30 16:37:27,695 - generate_webpage - INFO - Highlighting transcript...
2025-12-30 16:37:27,810 - generate_webpage - INFO - Generating HTML page...
2025-12-30 16:37:27,810 - generate_webpage - INFO - ✓ Webpage generated successfully: /Users/davemini2/transcripts/webpages/This is a test - Dave Galloway - 2025-12-07.html
2025-12-30 16:37:27,813 - generate_pdf - INFO - Logging initialized: /Users/davemini2/ProjectsLocal/Projects/trans-summary/logs/generate_pdf_20251230_163727.log
2025-12-30 16:37:27,814 - generate_pdf - INFO - Loading topics-themes materials for PDF...
2025-12-30 16:37:27,814 - generate_pdf - INFO - Highlighting transcript for PDF...
2025-12-30 16:37:27,930 - generate_pdf - INFO - Generating HTML for PDF...
2025-12-30 16:37:27,930 - generate_pdf - INFO - Generating PDF...
2025-12-30 16:37:28,141 - generate_pdf - INFO - ✓ PDF generated successfully: /Users/davemini2/transcripts/pdfs/This is a test - Dave Galloway - 2025-12-07.pdf
2025-12-30 16:37:31,329 - generate_simple_webpage - INFO - Logging initialized: /Users/davemini2/ProjectsLocal/Projects/trans-summary/logs/generate_simple_webpage_20251230_163731.log
2025-12-30 16:37:31,329 - generate_simple_webpage - INFO - Loading topics-themes materials for simple webpage...
2025-12-30 16:37:31,330 - generate_simple_webpage - INFO - Highlighting transcript for simple webpage...
2025-12-30 16:37:31,448 - generate_simple_webpage - INFO - Generating simple HTML page...
2025-12-30 16:37:31,449 - generate_simple_webpage - INFO - ✓ Simple webpage generated successfully: /Users/davemini2/transcripts/webpages/This is a test - Dave Galloway - 2025-12-07 - simple.html
2025-12-30 16:37:31,452 - generate_webpage - INFO - Logging initialized: /Users/davemini2/ProjectsLocal/Projects/trans-summary/logs/generate_webpage_20251230_163731.log
2025-12-30 16:37:31,452 - generate_webpage - INFO - Loading topics-themes materials...
2025-12-30 16:37:31,453 - generate_webpage - INFO - Found 10 Bowen references and 9 emphasis items.
2025-12-30 16:37:31,453 - generate_webpage - INFO - Highlighting transcript...
2025-12-30 16:37:31,566 - generate_webpage - INFO - Generating HTML page...
2025-12-30 16:37:31,567 - generate_webpage - INFO - ✓ Webpage generated successfully: /Users/davemini2/transcripts/webpages/This is a test - Dave Galloway - 2025-12-07.html
2025-12-30 16:37:31,569 - generate_pdf - INFO - Logging initialized: /Users/davemini2/ProjectsLocal/Projects/trans-summary/logs/generate_pdf_20251230_163731.log
2025-12-30 16:37:31,570 - generate_pdf - INFO - Loading topics-themes materials for PDF...
2025-12-30 16:37:31,570 - generate_pdf - INFO - Highlighting transcript for PDF...
2025-12-30 16:37:31,705 - generate_pdf - INFO - Generating HTML for PDF...
2025-12-30 16:37:31,705 - generate_pdf - INFO - Generating PDF...
2025-12-30 16:37:31,898 - generate_pdf - INFO - ✓ PDF generated successfully: /Users/davemini2/transcripts/pdfs/This is a test - Dave Galloway - 2025-12-07.pdf
