2025-12-30 16:30:10,678 - generate_simple_webpage - INFO - Logging initialized: /Users/davemini2/ProjectsLocal/Projects/trans-summary/logs/generate_simple_webpage_20251230_163010.log
2025-12-30 16:30:10,679 - generate_simple_webpage - INFO - Loading topics-themes materials for simple webpage...
2025-12-30 16:30:10,680 - generate_simple_webpage - INFO - Highlighting transcript for simple webpage...
2025-12-30 16:30:10,811 - generate_simple_webpage - INFO - Generating simple HTML page...
2025-12-30 16:30:10,812 - generate_simple_webpage - INFO - ✓ Simple webpage generated successfully: /Users/davemini2/transcripts/webpages/This is a test - Dave Galloway - 2025-12-07 - simple.html
2025-12-30 16:30:10,828 - generate_webpage - INFO - Logging initialized: /Users/davemini2/ProjectsLocal/Projects/trans-summary/logs/generate_webpage_20251230_163010.log
2025-12-30 16:30:10,829 - generate_webpage - INFO - Loading topics-themes materials...
2025-12-30 16:30:10,829 - generate_webpage - INFO - Found 10 Bowen references and 9 emphasis items.
2025-12-30 16:30:10,829 - generate_webpage - INFO - Highlighting transcript...
2025-12-30 16:30:10,943 - generate_webpage - INFO - Generating HTML page...
2025-12-30 16:30:10,944 - generate_webpage - INFO - ✓ Webpage generated successfully: /Users/davemini2/transcripts/webpages/This is a test - Dave Galloway - 2025-12-07.html
2025-12-30 16:30:10,947 - generate_pdf - INFO - Logging initialized: /Users/davemini2/ProjectsLocal/Projects/trans-summary/logs/generate_pdf_20251230_163010.log
2025-12-30 16:30:11,295 - generate_pdf - INFO - Loading topics-themes materials for PDF...
2025-12-30 16:30:11,296 - generate_pdf - INFO - Highlighting transcript for PDF...
2025-12-30 16:30:11,411 - generate_pdf - INFO - Generating HTML for PDF...
2025-12-30 16:30:11,411 - generate_pdf - INFO - Generating PDF...
2025-12-30 16:30:11,678 - generate_pdf - INFO - ✓ PDF generated successfully: /Users/davemini2/transcripts/pdfs/This is a test - Dave Galloway - 2025-12-07.pdf
2025-12-30 16:34:13,547 - generate_simple_webpage - INFO - Logging initialized: /Users/davemini2/ProjectsLocal/Projects/trans-summary/logs/generate_simple_webpage_20251230_163413.log
2025-12-30 16:34:13,549 - generate_simple_webpage - INFO - Loading topics-themes materials for simple webpage...
2025-12-30 16:34:13,550 - generate_simple_webpage - INFO - Highlighting transcript for simple webpage...
2025-12-30 16:34:13,675 - generate_simple_webpage - INFO - Generating simple HTML page...
2025-12-30 16:34:13,675 - generate_simple_webpage - INFO - ✓ Simple webpage generated successfully: /Users/davemini2/transcripts/webpages/This is a test - Dave Galloway - 2025-12-07 - simple.html
2025-12-30 16:34:13,679 - generate_webpage - INFO - Logging initialized: /Users/davemini2/ProjectsLocal/Projects/trans-summary/logs/generate_webpage_20251230_163413.log
2025-12-30 16:34:13,679 - generate_webpage - INFO - Loading topics-themes materials...
2025-12-30 16:34:13,680 - generate_webpage - INFO - Found 10 Bowen references and 9 emphasis items.
2025-12-30 16:34:13,680 - generate_webpage - INFO - Highlighting transcript...
2025-12-30 16:34:13,815 - generate_webpage - INFO - Generating HTML page...
2025-12-30 16:34:13,816 - generate_webpage - INFO - ✓ Webpage generated successfully: /Users/davemini2/transcripts/webpages/This is a test - Dave Galloway - 2025-12-07.html
2025-12-30 16:34:13,828 - generate_pdf - INFO - Logging initialized: /Users/davemini2/ProjectsLocal/Projects/trans-summary/logs/generate_pdf_20251230_163413.log
2025-12-30 16:34:13,828 - generate_pdf - INFO - Loading topics-themes materials for PDF...
2025-12-30 16:34:13,829 - generate_pdf - INFO - Highlighting transcript for PDF...
2025-12-30 16:34:13,943 - generate_pdf - INFO - Generating HTML for PDF...
2025-12-30 16:34:13,944 - generate_pdf - INFO - Generating PDF...
2025-12-30 16:34:14,139 - generate_pdf - INFO - ✓ PDF generated successfully: /Users/davemini2/transcripts/pdfs/This is a test - Dave Galloway - 2025-12-07.pdf
2025-12-30 16:35:40,997 - generate_simple_webpage - INFO - Logging initialized: /Users/davemini2/ProjectsLocal/Projects/trans-summary/logs/generate_simple_webpage_20251230_163540.log
2025-12-30 16:35:40,999 - generate_simple_webpage - INFO - Loading topics-themes materials for simple webpage...
2025-12-30 16:35:41,001 - generate_simple_webpage - INFO - Highlighting transcript for simple webpage...
2025-12-30 16:35:41,125 - generate_simple_webpage - INFO - Generating simple HTML page...
2025-12-30 16:35:41,126 - generate_simple_webpage - INFO - ✓ Simple webpage generated successfully: /Users/davemini2/transcripts/webpages/This is a test - Dave Galloway - 2025-12-07 - simple.html
2025-12-30 16:35:41,129 - generate_webpage - INFO - Logging initialized: /Users/davemini2/ProjectsLocal/Projects/trans-summary/logs/generate_webpage_20251230_163541.log
2025-12-30 16:35:41,129 - generate_webpage - INFO - Loading topics-themes materials...
2025-12-30 16:35:41,130 - generate_webpage - INFO - Found 10 Bowen references and 9 emphasis items.
2025-12-30 16:35:41,130 - generate_webpage - INFO - Highlighting transcript...
2025-12-30 16:35:41,266 - generate_webpage - INFO - Generating HTML page...
2025-12-30 16:35:41,267 - generate_webpage - INFO - ✓ Webpage generated successfully: /Users/davemini2/transcripts/webpages/This is a test - Dave Galloway - 2025-12-07.html
2025-12-30 16:35:41,269 - generate_pdf - INFO - Logging initialized: /Users/davemini2/ProjectsLocal/Projects/trans-summary/logs/generate_pdf_20251230_163541.log
2025-12-30 16:35:41,270 - generate_pdf - INFO - Loading topics-themes materials for PDF...
2025-12-30 16:35:41,270 - generate_pdf - INFO - Highlighting transcript for PDF...
2025-12-30 16:35:41,385 - generate_pdf - INFO - Generating HTML for PDF...
2025-12-30 16:35:41,386 - generate_pdf - INFO - Generating PDF...
2025-12-30 16:35:41,583 - generate_pdf - INFO - ✓ PDF generated successfully: /Users/davemini2/transcripts/pdfs/This is a test - Dave Galloway - 2025-12-07.pdf
