2025-12-27 18:17:39,528 - generate_structured_summary - INFO - Logging initialized: /Users/davemini2/ProjectsLocal/Projects/trans-summary/logs/generate_structured_summary_20251227_181739.log
2025-12-27 18:17:39,529 - generate_structured_summary - ERROR - Error: summary_target_word_count expected to be an integer, but received type <class '__main__.GuiLoggerAdapter'> with value '<__main__.GuiLoggerAdapter object at 0x10b082d50>'. Original error: int() argument must be a string, a bytes-like object or a real number, not 'GuiLoggerAdapter'
Traceback (most recent call last):
  File "/Users/davemini2/ProjectsLocal/Projects/trans-summary/pipeline.py", line 2361, in generate_structured_summary
    summary_target_word_count = int(summary_target_word_count)
                                ^^^^^^^^^^^^^^^^^^^^^^^^^^^^^^
TypeError: int() argument must be a string, a bytes-like object or a real number, not 'GuiLoggerAdapter'
2025-12-27 18:17:39,743 - generate_simple_webpage - INFO - Logging initialized: /Users/davemini2/ProjectsLocal/Projects/trans-summary/logs/generate_simple_webpage_20251227_181739.log
2025-12-27 18:17:39,743 - generate_simple_webpage - INFO - Loading topics-themes materials for simple webpage...
2025-12-27 18:17:39,745 - generate_simple_webpage - INFO - Highlighting transcript for simple webpage...
2025-12-27 18:17:40,721 - generate_simple_webpage - INFO - Generating simple HTML page...
2025-12-27 18:17:40,723 - generate_simple_webpage - INFO - ✓ Simple webpage generated successfully: /Users/davemini2/transcripts/webpages/Fundamentals of Triangles - Dr Michael Kerr - Unknows - simple.html
2025-12-27 18:17:40,728 - generate_webpage - INFO - Logging initialized: /Users/davemini2/ProjectsLocal/Projects/trans-summary/logs/generate_webpage_20251227_181740.log
2025-12-27 18:17:40,729 - generate_webpage - INFO - Loading topics-themes materials...
2025-12-27 18:17:40,729 - generate_webpage - INFO - Found 8 Bowen references and 20 emphasis items.
2025-12-27 18:17:40,730 - generate_webpage - INFO - Highlighting transcript...
2025-12-27 18:17:41,696 - generate_webpage - INFO - Generating HTML page...
2025-12-27 18:17:41,697 - generate_webpage - INFO - ✓ Webpage generated successfully: /Users/davemini2/transcripts/webpages/Fundamentals of Triangles - Dr Michael Kerr - Unknows.html
2025-12-27 18:17:41,706 - generate_pdf - INFO - Logging initialized: /Users/davemini2/ProjectsLocal/Projects/trans-summary/logs/generate_pdf_20251227_181741.log
2025-12-27 18:17:41,986 - generate_pdf - INFO - Loading topics-themes materials for PDF...
2025-12-27 18:17:41,987 - generate_pdf - INFO - Highlighting transcript for PDF...
2025-12-27 18:17:43,013 - generate_pdf - INFO - Generating HTML for PDF...
2025-12-27 18:17:43,014 - generate_pdf - INFO - Generating PDF...
2025-12-27 18:17:43,723 - generate_pdf - INFO - ✓ PDF generated successfully: /Users/davemini2/transcripts/pdfs/Fundamentals of Triangles - Dr Michael Kerr - Unknows.pdf
