2026-01-14 12:16:11,627 - generate_simple_webpage - INFO - Logging initialized: /Users/davemini2/ProjectsLocal/Projects/trans-summary/logs/generate_simple_webpage_20260114_121611.log
2026-01-14 12:16:11,627 - generate_simple_webpage - INFO - Loading topics-themes materials...
2026-01-14 12:16:11,630 - generate_simple_webpage - INFO - Highlighting transcript...
2026-01-14 12:16:12,114 - generate_simple_webpage - INFO - Generating simple HTML page using template...
2026-01-14 12:16:12,119 - generate_simple_webpage - INFO - ✓ Simple webpage generated successfully: /Users/davemini2/transcripts/projects/Developing the Unidisease Concept - Monika Baege and Michael Kerr - 2010-09-23 _validated/Developing the Unidisease Concept - Monika Baege and Michael Kerr - 2010-09-23 _validated - simple.html
2026-01-14 12:16:12,123 - generate_webpage - INFO - Logging initialized: /Users/davemini2/ProjectsLocal/Projects/trans-summary/logs/generate_webpage_20260114_121612.log
2026-01-14 12:16:12,123 - generate_webpage - INFO - Loading topics-themes materials...
2026-01-14 12:16:12,125 - generate_webpage - INFO - Found 10 Bowen references and 10 emphasis items.
2026-01-14 12:16:12,125 - generate_webpage - INFO - Highlighting transcript...
2026-01-14 12:16:12,569 - generate_webpage - INFO - Generating HTML page using template...
2026-01-14 12:16:12,571 - generate_webpage - INFO - ✓ Webpage generated successfully: /Users/davemini2/transcripts/projects/Developing the Unidisease Concept - Monika Baege and Michael Kerr - 2010-09-23 _validated/Developing the Unidisease Concept - Monika Baege and Michael Kerr - 2010-09-23 _validated.html
2026-01-14 12:16:12,575 - generate_pdf - INFO - Logging initialized: /Users/davemini2/ProjectsLocal/Projects/trans-summary/logs/generate_pdf_20260114_121612.log
2026-01-14 12:16:12,945 - generate_pdf - INFO - Loading topics-themes materials...
2026-01-14 12:16:12,946 - generate_pdf - INFO - Highlighting transcript...
2026-01-14 12:16:13,399 - generate_pdf - INFO - Generating HTML for PDF using template...
2026-01-14 12:16:13,401 - generate_pdf - INFO - Generating PDF...
2026-01-14 12:16:13,432 - weasyprint - WARNING - Ignored `font-family: &#39` at 11:5, invalid value.
2026-01-14 12:16:13,433 - weasyprint - WARNING - Error: Stop token reached before {} block for a qualified rule. at 11:34.
2026-01-14 12:16:13,433 - weasyprint - WARNING - Error: Stop token reached before {} block for a qualified rule. at 11:42.
2026-01-14 12:16:13,433 - weasyprint - WARNING - Ignored `font-family: &#39` at 118:5, invalid value.
2026-01-14 12:16:13,433 - weasyprint - WARNING - Error: Stop token reached before {} block for a qualified rule. at 118:34.
2026-01-14 12:16:13,433 - weasyprint - WARNING - Error: Stop token reached before {} block for a qualified rule. at 118:42.
2026-01-14 12:16:13,899 - generate_pdf - INFO - ✓ PDF generated successfully: /Users/davemini2/transcripts/projects/Developing the Unidisease Concept - Monika Baege and Michael Kerr - 2010-09-23 _validated/Developing the Unidisease Concept - Monika Baege and Michael Kerr - 2010-09-23 _validated.pdf
